<?xml version="1.0" encoding="UTF-8"?>
<!-- Generated by org.testng.reporters.JUnitXMLReporter -->
<testsuite ignored="0" hostname="US-FG87XM3" failures="0" tests="2" name="Error Validations Test" time="10.47" errors="0" timestamp="2024-09-02T12:51:27 IST">
  <testcase classname="rahulshettyacademy.tests.ErrorValidationsTest" name="LoginErrorValidation" time="1.197"/>
  <testcase classname="rahulshettyacademy.tests.ErrorValidationsTest" name="ProductErrorValidation" time="2.391"/>
</testsuite> <!-- Error Validations Test -->
